 NO
a YES
b YES
c YES
ba NO
bc YES
ca NO
cb NO
aaabbbccc YES
abab NO
bbbbbbbbbc YES
bba NO
 NO
a YES
b YES
c YES
ba NO
bc YES
ca NO
cb NO
aaaaaaaaaaaaaaaccccccccccccccccc YES
abcccccccccccccccc YES
abbbbbbbbbbbbbbbbbbbc YES
aaaaaaaaaaaaaaaaaaaaaabc YES
aaabbbccc YES
abab NO
bbbbbbbbbc YES
bba NO
aaaaacb NO
 NO
a YES
b YES
c YES
ab YES
ac YES
bc YES
ba NO
ca NO
cb NO
aaaaaaaaaaaaaaaccccccccccccccccc YES
abcccccccccccccccc YES
abbbbbbbbbbbbbbbbbbbc YES
aaaaaaaaaaaaaaaaaaaaaabc YES
aaabbbccc YES
abab NO
bbbbbbbbbc YES
bba NO
aaaaacb NO
